# JRE version: Java(TM) SE Runtime Environment (8.0_191-b12) (build 1.8.0_191-b12)
# Java VM: Java HotSpot(TM) 64-Bit Server VM (25.191-b12 mixed mode bsd-amd64 compressed oops)
Heap:
 PSYoungGen      total 115200K, used 65077K [0x000000076ab00000, 0x0000000773a00000, 0x00000007c0000000)
  eden space 110592K, 54% used [0x000000076ab00000,0x000000076e623990,0x0000000771700000)
  from space 4608K, 98% used [0x0000000773580000,0x00000007739e9db0,0x0000000773a00000)
  to   space 10752K, 0% used [0x0000000772500000,0x0000000772500000,0x0000000772f80000)
 ParOldGen       total 94208K, used 7013K [0x00000006c0000000, 0x00000006c5c00000, 0x000000076ab00000)
  object space 94208K, 7% used [0x00000006c0000000,0x00000006c06d97c0,0x00000006c5c00000)
 Metaspace       used 24038K, capacity 24820K, committed 25088K, reserved 1071104K
  class space    used 3064K, capacity 3274K, committed 3328K, reserved 1048576K
GC Heap History (10 events):
Event: 4.292 GC heap before
{Heap before GC invocations=1 (full 0):
 PSYoungGen      total 76288K, used 65536K [0x000000076ab00000, 0x0000000770000000, 0x00000007c0000000)
  eden space 65536K, 100% used [0x000000076ab00000,0x000000076eb00000,0x000000076eb00000)
  from space 10752K, 0% used [0x000000076f580000,0x000000076f580000,0x0000000770000000)
  to   space 10752K, 0% used [0x000000076eb00000,0x000000076eb00000,0x000000076f580000)
 ParOldGen       total 175104K, used 0K [0x00000006c0000000, 0x00000006cab00000, 0x000000076ab00000)
  object space 175104K, 0% used [0x00000006c0000000,0x00000006c0000000,0x00000006cab00000)
 Metaspace       used 11457K, capacity 11838K, committed 12032K, reserved 1060864K
  class space    used 1402K, capacity 1531K, committed 1536K, reserved 1048576K
Event: 4.297 GC heap after
Heap after GC invocations=1 (full 0):
 PSYoungGen      total 76288K, used 2706K [0x000000076ab00000, 0x0000000770000000, 0x00000007c0000000)
  eden space 65536K, 0% used [0x000000076ab00000,0x000000076ab00000,0x000000076eb00000)
  from space 10752K, 25% used [0x000000076eb00000,0x000000076eda4950,0x000000076f580000)
  to   space 10752K, 0% used [0x000000076f580000,0x000000076f580000,0x0000000770000000)
 ParOldGen       total 175104K, used 16K [0x00000006c0000000, 0x00000006cab00000, 0x000000076ab00000)
  object space 175104K, 0% used [0x00000006c0000000,0x00000006c0004000,0x00000006cab00000)
 Metaspace       used 11457K, capacity 11838K, committed 12032K, reserved 1060864K
  class space    used 1402K, capacity 1531K, committed 1536K, reserved 1048576K
}
Event: 8.027 GC heap before
{Heap before GC invocations=2 (full 0):
 PSYoungGen      total 76288K, used 68242K [0x000000076ab00000, 0x0000000770000000, 0x00000007c0000000)
  eden space 65536K, 100% used [0x000000076ab00000,0x000000076eb00000,0x000000076eb00000)
  from space 10752K, 25% used [0x000000076eb00000,0x000000076eda4950,0x000000076f580000)
  to   space 10752K, 0% used [0x000000076f580000,0x000000076f580000,0x0000000770000000)
 ParOldGen       total 175104K, used 16K [0x00000006c0000000, 0x00000006cab00000, 0x000000076ab00000)
  object space 175104K, 0% used [0x00000006c0000000,0x00000006c0004000,0x00000006cab00000)
 Metaspace       used 19611K, capacity 20268K, committed 20352K, reserved 1067008K
  class space    used 2521K, capacity 2686K, committed 2688K, reserved 1048576K
Event: 8.038 GC heap after
Heap after GC invocations=2 (full 0):
 PSYoungGen      total 76288K, used 6610K [0x000000076ab00000, 0x0000000770000000, 0x00000007c0000000)
  eden space 65536K, 0% used [0x000000076ab00000,0x000000076ab00000,0x000000076eb00000)
  from space 10752K, 61% used [0x000000076f580000,0x000000076fbf4bf8,0x0000000770000000)
  to   space 10752K, 0% used [0x000000076eb00000,0x000000076eb00000,0x000000076f580000)
 ParOldGen       total 175104K, used 88K [0x00000006c0000000, 0x00000006cab00000, 0x000000076ab00000)
  object space 175104K, 0% used [0x00000006c0000000,0x00000006c0016010,0x00000006cab00000)
 Metaspace       used 19611K, capacity 20268K, committed 20352K, reserved 1067008K
  class space    used 2521K, capacity 2686K, committed 2688K, reserved 1048576K
}
Event: 8.301 GC heap before
{Heap before GC invocations=3 (full 0):
 PSYoungGen      total 76288K, used 22782K [0x000000076ab00000, 0x0000000770000000, 0x00000007c0000000)
  eden space 65536K, 24% used [0x000000076ab00000,0x000000076bacaca8,0x000000076eb00000)
  from space 10752K, 61% used [0x000000076f580000,0x000000076fbf4bf8,0x0000000770000000)
  to   space 10752K, 0% used [0x000000076eb00000,0x000000076eb00000,0x000000076f580000)
 ParOldGen       total 175104K, used 88K [0x00000006c0000000, 0x00000006cab00000, 0x000000076ab00000)
  object space 175104K, 0% used [0x00000006c0000000,0x00000006c0016010,0x00000006cab00000)
 Metaspace       used 20491K, capacity 21196K, committed 21248K, reserved 1067008K
  class space    used 2599K, capacity 2782K, committed 2816K, reserved 1048576K
Event: 8.309 GC heap after
Heap after GC invocations=3 (full 0):
 PSYoungGen      total 76288K, used 7083K [0x000000076ab00000, 0x0000000774000000, 0x00000007c0000000)
  eden space 65536K, 0% used [0x000000076ab00000,0x000000076ab00000,0x000000076eb00000)
  from space 10752K, 65% used [0x000000076eb00000,0x000000076f1eaed0,0x000000076f580000)
  to   space 10752K, 0% used [0x0000000773580000,0x0000000773580000,0x0000000774000000)
 ParOldGen       total 175104K, used 96K [0x00000006c0000000, 0x00000006cab00000, 0x000000076ab00000)
  object space 175104K, 0% used [0x00000006c0000000,0x00000006c0018010,0x00000006cab00000)
 Metaspace       used 20491K, capacity 21196K, committed 21248K, reserved 1067008K
  class space    used 2599K, capacity 2782K, committed 2816K, reserved 1048576K
}
Event: 8.310 GC heap before
{Heap before GC invocations=4 (full 1):
 PSYoungGen      total 76288K, used 7083K [0x000000076ab00000, 0x0000000774000000, 0x00000007c0000000)
  eden space 65536K, 0% used [0x000000076ab00000,0x000000076ab00000,0x000000076eb00000)
  from space 10752K, 65% used [0x000000076eb00000,0x000000076f1eaed0,0x000000076f580000)
  to   space 10752K, 0% used [0x0000000773580000,0x0000000773580000,0x0000000774000000)
 ParOldGen       total 175104K, used 96K [0x00000006c0000000, 0x00000006cab00000, 0x000000076ab00000)
  object space 175104K, 0% used [0x00000006c0000000,0x00000006c0018010,0x00000006cab00000)
 Metaspace       used 20491K, capacity 21196K, committed 21248K, reserved 1067008K
  class space    used 2599K, capacity 2782K, committed 2816K, reserved 1048576K
Event: 8.350 GC heap after
Heap after GC invocations=4 (full 1):
 PSYoungGen      total 76288K, used 0K [0x000000076ab00000, 0x0000000774000000, 0x00000007c0000000)
  eden space 65536K, 0% used [0x000000076ab00000,0x000000076ab00000,0x000000076eb00000)
  from space 10752K, 0% used [0x000000076eb00000,0x000000076eb00000,0x000000076f580000)
  to   space 10752K, 0% used [0x0000000773580000,0x0000000773580000,0x0000000774000000)
 ParOldGen       total 94208K, used 7005K [0x00000006c0000000, 0x00000006c5c00000, 0x000000076ab00000)
  object space 94208K, 7% used [0x00000006c0000000,0x00000006c06d77c0,0x00000006c5c00000)
 Metaspace       used 20491K, capacity 21196K, committed 21248K, reserved 1067008K
  class space    used 2599K, capacity 2782K, committed 2816K, reserved 1048576K
}
Event: 8.841 GC heap before
{Heap before GC invocations=5 (full 1):
 PSYoungGen      total 76288K, used 65536K [0x000000076ab00000, 0x0000000774000000, 0x00000007c0000000)
  eden space 65536K, 100% used [0x000000076ab00000,0x000000076eb00000,0x000000076eb00000)
  from space 10752K, 0% used [0x000000076eb00000,0x000000076eb00000,0x000000076f580000)
  to   space 10752K, 0% used [0x0000000773580000,0x0000000773580000,0x0000000774000000)
 ParOldGen       total 94208K, used 7005K [0x00000006c0000000, 0x00000006c5c00000, 0x000000076ab00000)
  object space 94208K, 7% used [0x00000006c0000000,0x00000006c06d77c0,0x00000006c5c00000)
 Metaspace       used 22609K, capacity 23382K, committed 23680K, reserved 1069056K
  class space    used 2889K, capacity 3077K, committed 3200K, reserved 1048576K
Event: 8.848 GC heap after
Heap after GC invocations=5 (full 1):
 PSYoungGen      total 115200K, used 4519K [0x000000076ab00000, 0x0000000773a00000, 0x00000007c0000000)
  eden space 110592K, 0% used [0x000000076ab00000,0x000000076ab00000,0x0000000771700000)
  from space 4608K, 98% used [0x0000000773580000,0x00000007739e9db0,0x0000000773a00000)
  to   space 10752K, 0% used [0x0000000772500000,0x0000000772500000,0x0000000772f80000)
 ParOldGen       total 94208K, used 7013K [0x00000006c0000000, 0x00000006c5c00000, 0x000000076ab00000)
  object space 94208K, 7% used [0x00000006c0000000,0x00000006c06d97c0,0x00000006c5c00000)
 Metaspace       used 22609K, capacity 23382K, committed 23680K, reserved 1069056K
  class space    used 2889K, capacity 3077K, committed 3200K, reserved 1048576K
}

