# JRE version: Java(TM) SE Runtime Environment (8.0_101-b13) (build 1.8.0_101-b13)
# Java VM: Java HotSpot(TM) 64-Bit Server VM (25.101-b13 mixed mode bsd-amd64 compressed oops)
Heap:
 PSYoungGen      total 65024K, used 55314K [0x0000000795580000, 0x000000079a080000, 0x00000007c0000000)
  eden space 59904K, 83% used [0x0000000795580000,0x0000000798688228,0x0000000799000000)
  from space 5120K, 99% used [0x0000000799b80000,0x000000079a07c840,0x000000079a080000)
  to   space 5120K, 0% used [0x0000000799680000,0x0000000799680000,0x0000000799b80000)
 ParOldGen       total 52736K, used 8118K [0x0000000740000000, 0x0000000743380000, 0x0000000795580000)
  object space 52736K, 15% used [0x0000000740000000,0x00000007407ed998,0x0000000743380000)
 Metaspace       used 22286K, capacity 23024K, committed 23424K, reserved 1069056K
  class space    used 2927K, capacity 3112K, committed 3200K, reserved 1048576K
GC Heap History (10 events):
Event: 5.521 GC heap before
{Heap before GC invocations=1 (full 0):
 PSYoungGen      total 38400K, used 33280K [0x0000000795580000, 0x0000000798000000, 0x00000007c0000000)
  eden space 33280K, 100% used [0x0000000795580000,0x0000000797600000,0x0000000797600000)
  from space 5120K, 0% used [0x0000000797b00000,0x0000000797b00000,0x0000000798000000)
  to   space 5120K, 0% used [0x0000000797600000,0x0000000797600000,0x0000000797b00000)
 ParOldGen       total 87552K, used 0K [0x0000000740000000, 0x0000000745580000, 0x0000000795580000)
  object space 87552K, 0% used [0x0000000740000000,0x0000000740000000,0x0000000745580000)
 Metaspace       used 14857K, capacity 15520K, committed 15872K, reserved 1062912K
  class space    used 2059K, capacity 2240K, committed 2304K, reserved 1048576K
Event: 5.553 GC heap after
Heap after GC invocations=1 (full 0):
 PSYoungGen      total 38400K, used 4992K [0x0000000795580000, 0x0000000798000000, 0x00000007c0000000)
  eden space 33280K, 0% used [0x0000000795580000,0x0000000795580000,0x0000000797600000)
  from space 5120K, 97% used [0x0000000797600000,0x0000000797ae0158,0x0000000797b00000)
  to   space 5120K, 0% used [0x0000000797b00000,0x0000000797b00000,0x0000000798000000)
 ParOldGen       total 87552K, used 16K [0x0000000740000000, 0x0000000745580000, 0x0000000795580000)
  object space 87552K, 0% used [0x0000000740000000,0x0000000740004000,0x0000000745580000)
 Metaspace       used 14857K, capacity 15520K, committed 15872K, reserved 1062912K
  class space    used 2059K, capacity 2240K, committed 2304K, reserved 1048576K
}
Event: 6.993 GC heap before
{Heap before GC invocations=2 (full 0):
 PSYoungGen      total 38400K, used 38272K [0x0000000795580000, 0x0000000798000000, 0x00000007c0000000)
  eden space 33280K, 100% used [0x0000000795580000,0x0000000797600000,0x0000000797600000)
  from space 5120K, 97% used [0x0000000797600000,0x0000000797ae0158,0x0000000797b00000)
  to   space 5120K, 0% used [0x0000000797b00000,0x0000000797b00000,0x0000000798000000)
 ParOldGen       total 87552K, used 16K [0x0000000740000000, 0x0000000745580000, 0x0000000795580000)
  object space 87552K, 0% used [0x0000000740000000,0x0000000740004000,0x0000000745580000)
 Metaspace       used 20179K, capacity 20838K, committed 21120K, reserved 1067008K
  class space    used 2662K, capacity 2817K, committed 2944K, reserved 1048576K
Event: 7.024 GC heap after
Heap after GC invocations=2 (full 0):
 PSYoungGen      total 38400K, used 5104K [0x0000000795580000, 0x000000079a080000, 0x00000007c0000000)
  eden space 33280K, 0% used [0x0000000795580000,0x0000000795580000,0x0000000797600000)
  from space 5120K, 99% used [0x0000000797b00000,0x0000000797ffc070,0x0000000798000000)
  to   space 5120K, 0% used [0x0000000797600000,0x0000000797600000,0x0000000797b00000)
 ParOldGen       total 87552K, used 4005K [0x0000000740000000, 0x0000000745580000, 0x0000000795580000)
  object space 87552K, 4% used [0x0000000740000000,0x00000007403e95f8,0x0000000745580000)
 Metaspace       used 20179K, capacity 20838K, committed 21120K, reserved 1067008K
  class space    used 2662K, capacity 2817K, committed 2944K, reserved 1048576K
}
Event: 7.184 GC heap before
{Heap before GC invocations=3 (full 0):
 PSYoungGen      total 38400K, used 17722K [0x0000000795580000, 0x000000079a080000, 0x00000007c0000000)
  eden space 33280K, 37% used [0x0000000795580000,0x00000007961d27e8,0x0000000797600000)
  from space 5120K, 99% used [0x0000000797b00000,0x0000000797ffc070,0x0000000798000000)
  to   space 5120K, 0% used [0x0000000797600000,0x0000000797600000,0x0000000797b00000)
 ParOldGen       total 87552K, used 4005K [0x0000000740000000, 0x0000000745580000, 0x0000000795580000)
  object space 87552K, 4% used [0x0000000740000000,0x00000007403e95f8,0x0000000745580000)
 Metaspace       used 20488K, capacity 21094K, committed 21296K, reserved 1067008K
  class space    used 2709K, capacity 2881K, committed 2944K, reserved 1048576K
Event: 7.204 GC heap after
Heap after GC invocations=3 (full 0):
 PSYoungGen      total 38400K, used 5090K [0x0000000795580000, 0x000000079a080000, 0x00000007c0000000)
  eden space 33280K, 0% used [0x0000000795580000,0x0000000795580000,0x0000000797600000)
  from space 5120K, 99% used [0x0000000797600000,0x0000000797af8ae0,0x0000000797b00000)
  to   space 5120K, 0% used [0x0000000799b80000,0x0000000799b80000,0x000000079a080000)
 ParOldGen       total 87552K, used 4798K [0x0000000740000000, 0x0000000745580000, 0x0000000795580000)
  object space 87552K, 5% used [0x0000000740000000,0x00000007404afa88,0x0000000745580000)
 Metaspace       used 20488K, capacity 21094K, committed 21296K, reserved 1067008K
  class space    used 2709K, capacity 2881K, committed 2944K, reserved 1048576K
}
Event: 7.204 GC heap before
{Heap before GC invocations=4 (full 1):
 PSYoungGen      total 38400K, used 5090K [0x0000000795580000, 0x000000079a080000, 0x00000007c0000000)
  eden space 33280K, 0% used [0x0000000795580000,0x0000000795580000,0x0000000797600000)
  from space 5120K, 99% used [0x0000000797600000,0x0000000797af8ae0,0x0000000797b00000)
  to   space 5120K, 0% used [0x0000000799b80000,0x0000000799b80000,0x000000079a080000)
 ParOldGen       total 87552K, used 4798K [0x0000000740000000, 0x0000000745580000, 0x0000000795580000)
  object space 87552K, 5% used [0x0000000740000000,0x00000007404afa88,0x0000000745580000)
 Metaspace       used 20488K, capacity 21094K, committed 21296K, reserved 1067008K
  class space    used 2709K, capacity 2881K, committed 2944K, reserved 1048576K
Event: 7.281 GC heap after
Heap after GC invocations=4 (full 1):
 PSYoungGen      total 38400K, used 0K [0x0000000795580000, 0x000000079a080000, 0x00000007c0000000)
  eden space 33280K, 0% used [0x0000000795580000,0x0000000795580000,0x0000000797600000)
  from space 5120K, 0% used [0x0000000797600000,0x0000000797600000,0x0000000797b00000)
  to   space 5120K, 0% used [0x0000000799b80000,0x0000000799b80000,0x000000079a080000)
 ParOldGen       total 52736K, used 7711K [0x0000000740000000, 0x0000000743380000, 0x0000000795580000)
  object space 52736K, 14% used [0x0000000740000000,0x0000000740787c88,0x0000000743380000)
 Metaspace       used 20488K, capacity 21094K, committed 21296K, reserved 1067008K
  class space    used 2709K, capacity 2881K, committed 2944K, reserved 1048576K
}
Event: 7.799 GC heap before
{Heap before GC invocations=5 (full 1):
 PSYoungGen      total 38400K, used 33280K [0x0000000795580000, 0x000000079a080000, 0x00000007c0000000)
  eden space 33280K, 100% used [0x0000000795580000,0x0000000797600000,0x0000000797600000)
  from space 5120K, 0% used [0x0000000797600000,0x0000000797600000,0x0000000797b00000)
  to   space 5120K, 0% used [0x0000000799b80000,0x0000000799b80000,0x000000079a080000)
 ParOldGen       total 52736K, used 7711K [0x0000000740000000, 0x0000000743380000, 0x0000000795580000)
  object space 52736K, 14% used [0x0000000740000000,0x0000000740787c88,0x0000000743380000)
 Metaspace       used 21014K, capacity 21688K, committed 22016K, reserved 1069056K
  class space    used 2771K, capacity 2948K, committed 3072K, reserved 1048576K
Event: 7.823 GC heap after
Heap after GC invocations=5 (full 1):
 PSYoungGen      total 65024K, used 5106K [0x0000000795580000, 0x000000079a080000, 0x00000007c0000000)
  eden space 59904K, 0% used [0x0000000795580000,0x0000000795580000,0x0000000799000000)
  from space 5120K, 99% used [0x0000000799b80000,0x000000079a07c840,0x000000079a080000)
  to   space 5120K, 0% used [0x0000000799680000,0x0000000799680000,0x0000000799b80000)
 ParOldGen       total 52736K, used 8118K [0x0000000740000000, 0x0000000743380000, 0x0000000795580000)
  object space 52736K, 15% used [0x0000000740000000,0x00000007407ed998,0x0000000743380000)
 Metaspace       used 21014K, capacity 21688K, committed 22016K, reserved 1069056K
  class space    used 2771K, capacity 2948K, committed 3072K, reserved 1048576K
}

