# JRE version: Java(TM) SE Runtime Environment (8.0_191-b12) (build 1.8.0_191-b12)
# Java VM: Java HotSpot(TM) 64-Bit Server VM (25.191-b12 mixed mode bsd-amd64 compressed oops)
Heap:
 PSYoungGen      total 225280K, used 56357K [0x000000076ab00000, 0x000000077a100000, 0x00000007c0000000)
  eden space 210432K, 23% used [0x000000076ab00000,0x000000076db1ee98,0x0000000777880000)
  from space 14848K, 47% used [0x0000000777880000,0x0000000777f6a940,0x0000000778700000)
  to   space 13824K, 0% used [0x0000000779380000,0x0000000779380000,0x000000077a100000)
 ParOldGen       total 96768K, used 12959K [0x00000006c0000000, 0x00000006c5e80000, 0x000000076ab00000)
  object space 96768K, 13% used [0x00000006c0000000,0x00000006c0ca7cd8,0x00000006c5e80000)
 Metaspace       used 27668K, capacity 28530K, committed 28720K, reserved 1075200K
  class space    used 3669K, capacity 3859K, committed 3888K, reserved 1048576K
GC Heap History (10 events):
Event: 17.806 GC heap before
{Heap before GC invocations=4 (full 1):
 PSYoungGen      total 76288K, used 8617K [0x000000076ab00000, 0x0000000774000000, 0x00000007c0000000)
  eden space 65536K, 0% used [0x000000076ab00000,0x000000076ab00000,0x000000076eb00000)
  from space 10752K, 80% used [0x000000076eb00000,0x000000076f36a478,0x000000076f580000)
  to   space 10752K, 0% used [0x0000000773580000,0x0000000773580000,0x0000000774000000)
 ParOldGen       total 175104K, used 5319K [0x00000006c0000000, 0x00000006cab00000, 0x000000076ab00000)
  object space 175104K, 3% used [0x00000006c0000000,0x00000006c0531c50,0x00000006cab00000)
 Metaspace       used 20600K, capacity 21224K, committed 21296K, reserved 1067008K
  class space    used 2665K, capacity 2834K, committed 2864K, reserved 1048576K
Event: 17.846 GC heap after
Heap after GC invocations=4 (full 1):
 PSYoungGen      total 76288K, used 0K [0x000000076ab00000, 0x0000000774000000, 0x00000007c0000000)
  eden space 65536K, 0% used [0x000000076ab00000,0x000000076ab00000,0x000000076eb00000)
  from space 10752K, 0% used [0x000000076eb00000,0x000000076eb00000,0x000000076f580000)
  to   space 10752K, 0% used [0x0000000773580000,0x0000000773580000,0x0000000774000000)
 ParOldGen       total 96768K, used 12935K [0x00000006c0000000, 0x00000006c5e80000, 0x000000076ab00000)
  object space 96768K, 13% used [0x00000006c0000000,0x00000006c0ca1cd8,0x00000006c5e80000)
 Metaspace       used 20600K, capacity 21224K, committed 21296K, reserved 1067008K
  class space    used 2665K, capacity 2834K, committed 2864K, reserved 1048576K
}
Event: 19.361 GC heap before
{Heap before GC invocations=5 (full 1):
 PSYoungGen      total 76288K, used 65536K [0x000000076ab00000, 0x0000000774000000, 0x00000007c0000000)
  eden space 65536K, 100% used [0x000000076ab00000,0x000000076eb00000,0x000000076eb00000)
  from space 10752K, 0% used [0x000000076eb00000,0x000000076eb00000,0x000000076f580000)
  to   space 10752K, 0% used [0x0000000773580000,0x0000000773580000,0x0000000774000000)
 ParOldGen       total 96768K, used 12935K [0x00000006c0000000, 0x00000006c5e80000, 0x000000076ab00000)
  object space 96768K, 13% used [0x00000006c0000000,0x00000006c0ca1cd8,0x00000006c5e80000)
 Metaspace       used 25850K, capacity 26624K, committed 26800K, reserved 1073152K
  class space    used 3445K, capacity 3646K, committed 3760K, reserved 1048576K
Event: 19.378 GC heap after
Heap after GC invocations=5 (full 1):
 PSYoungGen      total 123904K, used 4036K [0x000000076ab00000, 0x0000000773980000, 0x00000007c0000000)
  eden space 119808K, 0% used [0x000000076ab00000,0x000000076ab00000,0x0000000772000000)
  from space 4096K, 98% used [0x0000000773580000,0x0000000773971108,0x0000000773980000)
  to   space 10752K, 0% used [0x0000000772480000,0x0000000772480000,0x0000000772f00000)
 ParOldGen       total 96768K, used 12943K [0x00000006c0000000, 0x00000006c5e80000, 0x000000076ab00000)
  object space 96768K, 13% used [0x00000006c0000000,0x00000006c0ca3cd8,0x00000006c5e80000)
 Metaspace       used 25850K, capacity 26624K, committed 26800K, reserved 1073152K
  class space    used 3445K, capacity 3646K, committed 3760K, reserved 1048576K
}
Event: 20.071 GC heap before
{Heap before GC invocations=6 (full 1):
 PSYoungGen      total 123904K, used 123844K [0x000000076ab00000, 0x0000000773980000, 0x00000007c0000000)
  eden space 119808K, 100% used [0x000000076ab00000,0x0000000772000000,0x0000000772000000)
  from space 4096K, 98% used [0x0000000773580000,0x0000000773971108,0x0000000773980000)
  to   space 10752K, 0% used [0x0000000772480000,0x0000000772480000,0x0000000772f00000)
 ParOldGen       total 96768K, used 12943K [0x00000006c0000000, 0x00000006c5e80000, 0x000000076ab00000)
  object space 96768K, 13% used [0x00000006c0000000,0x00000006c0ca3cd8,0x00000006c5e80000)
 Metaspace       used 25856K, capacity 26624K, committed 26800K, reserved 1073152K
  class space    used 3445K, capacity 3646K, committed 3760K, reserved 1048576K
Event: 20.075 GC heap after
Heap after GC invocations=6 (full 1):
 PSYoungGen      total 135168K, used 2587K [0x000000076ab00000, 0x0000000779e80000, 0x00000007c0000000)
  eden space 124416K, 0% used [0x000000076ab00000,0x000000076ab00000,0x0000000772480000)
  from space 10752K, 24% used [0x0000000772480000,0x0000000772706c40,0x0000000772f00000)
  to   space 16384K, 0% used [0x0000000778e80000,0x0000000778e80000,0x0000000779e80000)
 ParOldGen       total 96768K, used 12951K [0x00000006c0000000, 0x00000006c5e80000, 0x000000076ab00000)
  object space 96768K, 13% used [0x00000006c0000000,0x00000006c0ca5cd8,0x00000006c5e80000)
 Metaspace       used 25856K, capacity 26624K, committed 26800K, reserved 1073152K
  class space    used 3445K, capacity 3646K, committed 3760K, reserved 1048576K
}
Event: 42.988 GC heap before
{Heap before GC invocations=7 (full 1):
 PSYoungGen      total 135168K, used 127003K [0x000000076ab00000, 0x0000000779e80000, 0x00000007c0000000)
  eden space 124416K, 100% used [0x000000076ab00000,0x0000000772480000,0x0000000772480000)
  from space 10752K, 24% used [0x0000000772480000,0x0000000772706c40,0x0000000772f00000)
  to   space 16384K, 0% used [0x0000000778e80000,0x0000000778e80000,0x0000000779e80000)
 ParOldGen       total 96768K, used 12951K [0x00000006c0000000, 0x00000006c5e80000, 0x000000076ab00000)
  object space 96768K, 13% used [0x00000006c0000000,0x00000006c0ca5cd8,0x00000006c5e80000)
 Metaspace       used 27662K, capacity 28530K, committed 28720K, reserved 1075200K
  class space    used 3669K, capacity 3859K, committed 3888K, reserved 1048576K
Event: 42.994 GC heap after
Heap after GC invocations=7 (full 1):
 PSYoungGen      total 128000K, used 7082K [0x000000076ab00000, 0x0000000779580000, 0x00000007c0000000)
  eden space 120832K, 0% used [0x000000076ab00000,0x000000076ab00000,0x0000000772100000)
  from space 7168K, 98% used [0x0000000778e80000,0x000000077956a940,0x0000000779580000)
  to   space 14848K, 0% used [0x0000000777880000,0x0000000777880000,0x0000000778700000)
 ParOldGen       total 96768K, used 12959K [0x00000006c0000000, 0x00000006c5e80000, 0x000000076ab00000)
  object space 96768K, 13% used [0x00000006c0000000,0x00000006c0ca7cd8,0x00000006c5e80000)
 Metaspace       used 27662K, capacity 28530K, committed 28720K, reserved 1075200K
  class space    used 3669K, capacity 3859K, committed 3888K, reserved 1048576K
}
Event: 43.164 GC heap before
{Heap before GC invocations=8 (full 1):
 PSYoungGen      total 128000K, used 127914K [0x000000076ab00000, 0x0000000779580000, 0x00000007c0000000)
  eden space 120832K, 100% used [0x000000076ab00000,0x0000000772100000,0x0000000772100000)
  from space 7168K, 98% used [0x0000000778e80000,0x000000077956a940,0x0000000779580000)
  to   space 14848K, 0% used [0x0000000777880000,0x0000000777880000,0x0000000778700000)
 ParOldGen       total 96768K, used 12959K [0x00000006c0000000, 0x00000006c5e80000, 0x000000076ab00000)
  object space 96768K, 13% used [0x00000006c0000000,0x00000006c0ca7cd8,0x00000006c5e80000)
 Metaspace       used 27662K, capacity 28530K, committed 28720K, reserved 1075200K
  class space    used 3669K, capacity 3859K, committed 3888K, reserved 1048576K
Event: 43.169 GC heap after
Heap after GC invocations=8 (full 1):
 PSYoungGen      total 225280K, used 7082K [0x000000076ab00000, 0x000000077a100000, 0x00000007c0000000)
  eden space 210432K, 0% used [0x000000076ab00000,0x000000076ab00000,0x0000000777880000)
  from space 14848K, 47% used [0x0000000777880000,0x0000000777f6a940,0x0000000778700000)
  to   space 13824K, 0% used [0x0000000779380000,0x0000000779380000,0x000000077a100000)
 ParOldGen       total 96768K, used 12959K [0x00000006c0000000, 0x00000006c5e80000, 0x000000076ab00000)
  object space 96768K, 13% used [0x00000006c0000000,0x00000006c0ca7cd8,0x00000006c5e80000)
 Metaspace       used 27662K, capacity 28530K, committed 28720K, reserved 1075200K
  class space    used 3669K, capacity 3859K, committed 3888K, reserved 1048576K
}

